<?xml version="1.0" encoding="UTF-8"?>
<!-- Generated by org.testng.reporters.JUnitReportReporter -->
<testsuite hostname="DESKTOP-V7R4QNT" failures="0" tests="2" name="virendraKumar.Project" time="50.650" errors="0" timestamp="2024-01-29T15:19:32 IST" skipped="0">
  <testcase classname="virendraKumar.Project" name="testHoverAndClick" time="34.218"/>
  <system-out/>
  <testcase classname="virendraKumar.Project" name="testHoverAndClick1" time="16.432"/>
  <system-out/>
</testsuite> <!-- virendraKumar.Project -->
