<?xml version="1.0" encoding="UTF-8"?>
<!-- Generated by org.testng.reporters.JUnitReportReporter -->
<testsuite hostname="DESKTOP-V7R4QNT" failures="0" tests="2" name="virendrakumar.Project" time="49.098" errors="0" timestamp="2024-03-15T09:54:40 IST" skipped="0">
  <testcase classname="virendrakumar.Project" name="testHoverAndClick" time="28.455"/>
  <system-out/>
  <testcase classname="virendrakumar.Project" name="testHoverAndClick1" time="20.643"/>
  <system-out/>
</testsuite> <!-- virendrakumar.Project -->
