<?xml version="1.0" encoding="UTF-8"?>
<!-- Generated by org.testng.reporters.JUnitReportReporter -->
<testsuite hostname="DESKTOP-V7R4QNT" failures="0" tests="2" name="provider.Project" time="40.159" errors="0" timestamp="2024-01-29T16:22:58 IST" skipped="0">
  <testcase classname="provider.Project" name="testHoverAndClick1" time="17.849"/>
  <system-out/>
  <testcase classname="provider.Project" name="testHoverAndClick" time="22.310"/>
  <system-out/>
</testsuite> <!-- provider.Project -->
