<?xml version="1.0" encoding="UTF-8"?>
<!-- Generated by org.testng.reporters.JUnitReportReporter -->
<testsuite hostname="DESKTOP-V7R4QNT" failures="0" tests="1" name="aashi.Details" time="0.000" errors="0" timestamp="2024-01-27T17:28:38 IST" skipped="1">
  <testcase classname="aashi.Details" name="inputingData" time="0.000">
    <skipped/>
  </testcase> <!-- inputingData -->
  <system-out/>
</testsuite> <!-- aashi.Details -->
